<?xml version="1.0" encoding="UTF-8"?>
<!-- Generated by org.testng.reporters.JUnitReportReporter -->
<testsuite hostname="Rishi-PC" name="org.mercurytour.tests.RegistrationTest" tests="1" failures="0" timestamp="26 Jul 2015 07:24:28 GMT" time="15.606" errors="0">
  <testcase name="testRegisterNewUser" time="15.606" classname="org.mercurytour.tests.RegistrationTest"/>
</testsuite> <!-- org.mercurytour.tests.RegistrationTest -->
