<?xml version="1.0" encoding="UTF-8"?>
<!-- Generated by org.testng.reporters.JUnitReportReporter -->
<testsuite hostname="Rishi-PC" name="org.mercurytour.tests.FlightReservationTest" tests="1" failures="0" timestamp="26 Jul 2015 07:25:03 GMT" time="26.130" errors="0">
  <testcase name="testFlightReservation" time="26.130" classname="org.mercurytour.tests.FlightReservationTest"/>
</testsuite> <!-- org.mercurytour.tests.FlightReservationTest -->
