<?xml version="1.0" encoding="UTF-8"?>
<!-- Generated by org.testng.reporters.JUnitReportReporter -->
<testsuite hostname="Rishi-PC" name="org.mercurytour.tests.SignOnTest" tests="1" failures="0" timestamp="26 Jul 2015 04:17:37 GMT" time="18.063" errors="0">
  <testcase name="testSignOn" time="18.063" classname="org.mercurytour.tests.SignOnTest"/>
</testsuite> <!-- org.mercurytour.tests.SignOnTest -->
